Voltatge: 0
3.0
Voltatge: 0.2
176.68
Voltatge: 0.4
331.96
Voltatge: 0.6
509.69
Voltatge: 0.8
669.44
Voltatge: 1
838.17
Voltatge: 1.2
995.8
Voltatge: 1.4
1164.58
Voltatge: 1.6
1329.65
Voltatge: 1.8
1495.97
Voltatge: 2
1661.83
Voltatge: 2.2
1821.52
Voltatge: 2.4
1989.9
Voltatge: 2.6
2153.1
Voltatge: 2.8
2321.01
Voltatge: 3
2487.93
Voltatge: 3.2
2658.01
Voltatge: 3.4
2817.86
Voltatge: 3.6
2984.62
Voltatge: 3.8
3153.05
Voltatge: 4
3316.14
Voltatge: 4.2
3477.83
Voltatge: 4.4
3645.28
Voltatge: 4.6
3804.01
Voltatge: 4.8
3975.03
Voltatge: 4.94
4086.04
Voltatge: 4.95
4095.0
Voltatge: 4.95
4095.0
